[0.607s] Invoking command in '/home/kurokawa/ros2_ws/src/mypkg': PYTHONPATH=/home/kurokawa/ros2_ws/src/mypkg/install/mypkg/lib/python3.10/site-packages:${PYTHONPATH} /usr/bin/python3 setup.py egg_info --egg-base build/mypkg build --build-base /home/kurokawa/ros2_ws/src/mypkg/build/mypkg/build install --prefix /home/kurokawa/ros2_ws/src/mypkg/install/mypkg --record /home/kurokawa/ros2_ws/src/mypkg/build/mypkg/install.log --single-version-externally-managed
[0.824s] running egg_info
[0.825s] creating build/mypkg/mypkg.egg-info
[0.825s] writing build/mypkg/mypkg.egg-info/PKG-INFO
[0.825s] writing dependency_links to build/mypkg/mypkg.egg-info/dependency_links.txt
[0.825s] writing entry points to build/mypkg/mypkg.egg-info/entry_points.txt
[0.826s] writing requirements to build/mypkg/mypkg.egg-info/requires.txt
[0.826s] writing top-level names to build/mypkg/mypkg.egg-info/top_level.txt
[0.826s] writing manifest file 'build/mypkg/mypkg.egg-info/SOURCES.txt'
[0.827s] reading manifest file 'build/mypkg/mypkg.egg-info/SOURCES.txt'
[0.829s] writing manifest file 'build/mypkg/mypkg.egg-info/SOURCES.txt'
[0.829s] running build
[0.829s] running build_py
[0.829s] creating /home/kurokawa/ros2_ws/src/mypkg/build/mypkg/build
[0.829s] creating /home/kurokawa/ros2_ws/src/mypkg/build/mypkg/build/lib
[0.830s] creating /home/kurokawa/ros2_ws/src/mypkg/build/mypkg/build/lib/mypkg
[0.830s] copying mypkg/talker.py -> /home/kurokawa/ros2_ws/src/mypkg/build/mypkg/build/lib/mypkg
[0.831s] copying mypkg/__init__.py -> /home/kurokawa/ros2_ws/src/mypkg/build/mypkg/build/lib/mypkg
[0.831s] running install
[0.831s] running install_lib
[0.831s] creating /home/kurokawa/ros2_ws/src/mypkg/install/mypkg/lib/python3.10/site-packages/mypkg
[0.832s] copying /home/kurokawa/ros2_ws/src/mypkg/build/mypkg/build/lib/mypkg/talker.py -> /home/kurokawa/ros2_ws/src/mypkg/install/mypkg/lib/python3.10/site-packages/mypkg
[0.832s] /usr/lib/python3/dist-packages/setuptools/command/install.py:34: SetuptoolsDeprecationWarning: setup.py install is deprecated. Use build and pip and other standards-based tools.
[0.832s]   warnings.warn(
[0.832s] copying /home/kurokawa/ros2_ws/src/mypkg/build/mypkg/build/lib/mypkg/__init__.py -> /home/kurokawa/ros2_ws/src/mypkg/install/mypkg/lib/python3.10/site-packages/mypkg
[0.832s] byte-compiling /home/kurokawa/ros2_ws/src/mypkg/install/mypkg/lib/python3.10/site-packages/mypkg/talker.py to talker.cpython-310.pyc
[0.832s] byte-compiling /home/kurokawa/ros2_ws/src/mypkg/install/mypkg/lib/python3.10/site-packages/mypkg/__init__.py to __init__.cpython-310.pyc
[0.832s] running install_data
[0.833s] creating /home/kurokawa/ros2_ws/src/mypkg/install/mypkg/share/ament_index
[0.833s] creating /home/kurokawa/ros2_ws/src/mypkg/install/mypkg/share/ament_index/resource_index
[0.834s] creating /home/kurokawa/ros2_ws/src/mypkg/install/mypkg/share/ament_index/resource_index/packages
[0.834s] copying resource/mypkg -> /home/kurokawa/ros2_ws/src/mypkg/install/mypkg/share/ament_index/resource_index/packages
[0.834s] copying package.xml -> /home/kurokawa/ros2_ws/src/mypkg/install/mypkg/share/mypkg
[0.834s] running install_egg_info
[0.835s] Copying build/mypkg/mypkg.egg-info to /home/kurokawa/ros2_ws/src/mypkg/install/mypkg/lib/python3.10/site-packages/mypkg-0.0.0-py3.10.egg-info
[0.836s] running install_scripts
[0.859s] Installing listener script to /home/kurokawa/ros2_ws/src/mypkg/install/mypkg/lib/mypkg
[0.859s] Installing talker script to /home/kurokawa/ros2_ws/src/mypkg/install/mypkg/lib/mypkg
[0.859s] writing list of installed files to '/home/kurokawa/ros2_ws/src/mypkg/build/mypkg/install.log'
[0.887s] Invoked command in '/home/kurokawa/ros2_ws/src/mypkg' returned '0': PYTHONPATH=/home/kurokawa/ros2_ws/src/mypkg/install/mypkg/lib/python3.10/site-packages:${PYTHONPATH} /usr/bin/python3 setup.py egg_info --egg-base build/mypkg build --build-base /home/kurokawa/ros2_ws/src/mypkg/build/mypkg/build install --prefix /home/kurokawa/ros2_ws/src/mypkg/install/mypkg --record /home/kurokawa/ros2_ws/src/mypkg/build/mypkg/install.log --single-version-externally-managed
